<?xml version="1.0" encoding="UTF-8"?>
<!-- Generated by org.testng.reporters.JUnitXMLReporter -->
<testsuite ignored="0" hostname="OZZY" failures="0" tests="2" name="Default test" time="31.42" errors="0" timestamp="2021-02-09T13:34:25 MEZ">
  <testcase classname="com.meier.markus.FunctionalTest" name="searchForItemPutCartAndCheckTest" time="16.94"/>
  <testcase classname="com.meier.markus.FunctionalTest" name="searchForItemPutCartAndCheckTest" time="14.437"/>
</testsuite> <!-- Default test -->
