<?xml version="1.0" encoding="UTF-8"?>
<!-- Generated by org.testng.reporters.JUnitXMLReporter -->
<testsuite ignored="0" hostname="OZZY" failures="0" tests="2" name="Default test" time="27.609" errors="0" timestamp="2021-02-08T11:38:19 MEZ">
  <testcase classname="com.meier.markus.FunctionalTest" name="searchForItemAndPutItemAndCheckTest" time="14.835"/>
  <testcase classname="com.meier.markus.FunctionalTest" name="searchForItemAndPutItemAndCheckTest" time="12.731"/>
</testsuite> <!-- Default test -->
