<?xml version="1.0" encoding="UTF-8"?>
<testng-results ignored="0" total="2" passed="2" failed="0" skipped="0">
  <reporter-output>
  </reporter-output>
  <suite started-at="2021-02-08T11:37:51 MEZ" name="Default suite" finished-at="2021-02-08T11:38:19 MEZ" duration-ms="27609">
    <groups>
    </groups>
    <test started-at="2021-02-08T11:37:51 MEZ" name="Default test" finished-at="2021-02-08T11:38:19 MEZ" duration-ms="27609">
      <class name="com.meier.markus.FunctionalTest">
        <test-method is-config="true" signature="doBeforeSuite()[pri:0, instance:com.meier.markus.FunctionalTest@140c9f39]" started-at="2021-02-08T11:37:46 MEZ" name="doBeforeSuite" finished-at="2021-02-08T11:37:51 MEZ" duration-ms="5244" status="PASS">
          <reporter-output>
          </reporter-output>
        </test-method> <!-- doBeforeSuite -->
        <test-method signature="searchForItemAndPutItemAndCheckTest(java.lang.String, java.lang.String, java.lang.String)[pri:0, instance:com.meier.markus.FunctionalTest@140c9f39]" started-at="2021-02-08T11:37:51 MEZ" name="searchForItemAndPutItemAndCheckTest" data-provider="provideSearchItemData" finished-at="2021-02-08T11:38:06 MEZ" duration-ms="14835" status="PASS">
          <params>
            <param index="0">
              <value>
                <![CDATA[Markus.Meier301268.MM@gmail.com]]>
              </value>
            </param>
            <param index="1">
              <value>
                <![CDATA[kBK¬“f°.=Œ¥©Ííç=]]>
              </value>
            </param>
            <param index="2">
              <value>
                <![CDATA[Snickers]]>
              </value>
            </param>
          </params>
          <reporter-output>
          </reporter-output>
        </test-method> <!-- searchForItemAndPutItemAndCheckTest -->
        <test-method signature="searchForItemAndPutItemAndCheckTest(java.lang.String, java.lang.String, java.lang.String)[pri:0, instance:com.meier.markus.FunctionalTest@140c9f39]" started-at="2021-02-08T11:38:06 MEZ" name="searchForItemAndPutItemAndCheckTest" data-provider="provideSearchItemData" finished-at="2021-02-08T11:38:19 MEZ" duration-ms="12731" status="PASS">
          <params>
            <param index="0">
              <value>
                <![CDATA[Markus.Meier301268.MM@gmail.com]]>
              </value>
            </param>
            <param index="1">
              <value>
                <![CDATA[kBK¬“f°.=Œ¥©Ííç=]]>
              </value>
            </param>
            <param index="2">
              <value>
                <![CDATA[Skittles]]>
              </value>
            </param>
          </params>
          <reporter-output>
          </reporter-output>
        </test-method> <!-- searchForItemAndPutItemAndCheckTest -->
        <test-method is-config="true" signature="doAfterSuite()[pri:0, instance:com.meier.markus.FunctionalTest@140c9f39]" started-at="2021-02-08T11:38:19 MEZ" name="doAfterSuite" finished-at="2021-02-08T11:38:19 MEZ" duration-ms="66" status="PASS">
          <reporter-output>
          </reporter-output>
        </test-method> <!-- doAfterSuite -->
      </class> <!-- com.meier.markus.FunctionalTest -->
    </test> <!-- Default test -->
  </suite> <!-- Default suite -->
</testng-results>
