<?xml version="1.0" encoding="UTF-8"?>
<testng-results ignored="0" total="2" passed="2" failed="0" skipped="0">
  <reporter-output>
  </reporter-output>
  <suite started-at="2021-02-09T11:13:48 MEZ" name="Default suite" finished-at="2021-02-09T11:14:21 MEZ" duration-ms="32704">
    <groups>
    </groups>
    <test started-at="2021-02-09T11:13:48 MEZ" name="Default test" finished-at="2021-02-09T11:14:21 MEZ" duration-ms="32704">
      <class name="com.meier.markus.FunctionalTest">
        <test-method is-config="true" signature="doBeforeSuite()[pri:0, instance:com.meier.markus.FunctionalTest@4d910fd6]" started-at="2021-02-09T11:13:43 MEZ" name="doBeforeSuite" finished-at="2021-02-09T11:13:48 MEZ" duration-ms="5052" status="PASS">
          <reporter-output>
          </reporter-output>
        </test-method> <!-- doBeforeSuite -->
        <test-method signature="searchForItemPutCartAndCheckTest(java.lang.String, java.lang.String, java.lang.String)[pri:0, instance:com.meier.markus.FunctionalTest@4d910fd6]" started-at="2021-02-09T11:13:48 MEZ" name="searchForItemPutCartAndCheckTest" data-provider="provideSearchItemData" finished-at="2021-02-09T11:14:06 MEZ" duration-ms="17465" status="PASS">
          <params>
            <param index="0">
              <value>
                <![CDATA[Markus.Meier301268.MM@gmail.com]]>
              </value>
            </param>
            <param index="1">
              <value>
                <![CDATA[kBK¬“f°.=Œ¥©Ííç=]]>
              </value>
            </param>
            <param index="2">
              <value>
                <![CDATA[Snickers]]>
              </value>
            </param>
          </params>
          <reporter-output>
          </reporter-output>
        </test-method> <!-- searchForItemPutCartAndCheckTest -->
        <test-method signature="searchForItemPutCartAndCheckTest(java.lang.String, java.lang.String, java.lang.String)[pri:0, instance:com.meier.markus.FunctionalTest@4d910fd6]" started-at="2021-02-09T11:14:06 MEZ" name="searchForItemPutCartAndCheckTest" data-provider="provideSearchItemData" finished-at="2021-02-09T11:14:21 MEZ" duration-ms="15203" status="PASS">
          <params>
            <param index="0">
              <value>
                <![CDATA[Markus.Meier301268.MM@gmail.com]]>
              </value>
            </param>
            <param index="1">
              <value>
                <![CDATA[kBK¬“f°.=Œ¥©Ííç=]]>
              </value>
            </param>
            <param index="2">
              <value>
                <![CDATA[Skittles]]>
              </value>
            </param>
          </params>
          <reporter-output>
          </reporter-output>
        </test-method> <!-- searchForItemPutCartAndCheckTest -->
        <test-method is-config="true" signature="doAfterSuite()[pri:0, instance:com.meier.markus.FunctionalTest@4d910fd6]" started-at="2021-02-09T11:14:21 MEZ" name="doAfterSuite" finished-at="2021-02-09T11:14:21 MEZ" duration-ms="80" status="PASS">
          <reporter-output>
          </reporter-output>
        </test-method> <!-- doAfterSuite -->
      </class> <!-- com.meier.markus.FunctionalTest -->
    </test> <!-- Default test -->
  </suite> <!-- Default suite -->
</testng-results>
